<?xml version="1.0" encoding="UTF-8"?>
<testsuite name="com.example.start.StartApplicationTests" tests="1" skipped="0" failures="0" errors="0" timestamp="2024-02-03T09:54:12" hostname="DESKTOP-1FUPKJF" time="0.922">
  <properties/>
  <testcase name="contextLoads()" classname="com.example.start.StartApplicationTests" time="0.922"/>
  <system-out><![CDATA[18:54:10.841 [Test worker] INFO org.springframework.test.context.support.AnnotationConfigContextLoaderUtils -- Could not detect default configuration classes for test class [com.example.start.StartApplicationTests]: StartApplicationTests does not declare any static, non-private, non-final, nested classes annotated with @Configuration.
18:54:10.959 [Test worker] INFO org.springframework.boot.test.context.SpringBootTestContextBootstrapper -- Found @SpringBootConfiguration com.example.start.StartApplication for test class com.example.start.StartApplicationTests

  .   ____          _            __ _ _
 /\\ / ___'_ __ _ _(_)_ __  __ _ \ \ \ \
( ( )\___ | '_ | '_| | '_ \/ _` | \ \ \ \
 \\/  ___)| |_)| | | | | || (_| |  ) ) ) )
  '  |____| .__|_| |_|_| |_\__, | / / / /
 =========|_|==============|___/=/_/_/_/
 :: Spring Boot ::                (v3.2.2)

2024-02-03T18:54:11.377+09:00  INFO 19264 --- [    Test worker] c.example.start.StartApplicationTests    : Starting StartApplicationTests using Java 17.0.7 with PID 19264 (started by user in C:\Workspace\start)
2024-02-03T18:54:11.378+09:00  INFO 19264 --- [    Test worker] c.example.start.StartApplicationTests    : No active profile set, falling back to 1 default profile: "default"
2024-02-03T18:54:12.360+09:00  INFO 19264 --- [    Test worker] o.s.b.a.w.s.WelcomePageHandlerMapping    : Adding welcome page: class path resource [static/index.html]
2024-02-03T18:54:12.735+09:00  INFO 19264 --- [    Test worker] c.example.start.StartApplicationTests    : Started StartApplicationTests in 1.581 seconds (process running for 2.83)
]]></system-out>
  <system-err><![CDATA[]]></system-err>
</testsuite>
